<?xml version="1.0" encoding="UTF-8"?>
<testsuite name="com.example.traveladviser.ExampleUnitTest" tests="1" skipped="0" failures="0" errors="0" timestamp="2023-04-24T15:26:29" hostname="DESKTOP-TISJRHF" time="0.003">
  <properties/>
  <testcase name="addition_isCorrect" classname="com.example.traveladviser.ExampleUnitTest" time="0.003"/>
  <system-out><![CDATA[]]></system-out>
  <system-err><![CDATA[]]></system-err>
</testsuite>
